0 info it worked if it ends with ok
1 verbose cli [ 'C:\\Program Files\\nodejs\\node.exe',
1 verbose cli   'C:\\Program Files\\nodejs\\node_modules\\npm\\bin\\npm-cli.js',
1 verbose cli   'install',
1 verbose cli   '--save-dev',
1 verbose cli   'grunt' ]
2 info using npm@3.8.9
3 info using node@v6.2.0
4 silly loadCurrentTree Starting
5 silly install loadCurrentTree
6 silly install readLocalPackageData
7 silly fetchPackageMetaData grunt
8 silly fetchNamedPackageData grunt
9 silly mapToRegistry name grunt
10 silly mapToRegistry using default registry
11 silly mapToRegistry registry https://registry.npmjs.org/
12 silly mapToRegistry data Result {
12 silly mapToRegistry   raw: 'grunt',
12 silly mapToRegistry   scope: null,
12 silly mapToRegistry   name: 'grunt',
12 silly mapToRegistry   rawSpec: '',
12 silly mapToRegistry   spec: 'latest',
12 silly mapToRegistry   type: 'tag' }
13 silly mapToRegistry uri https://registry.npmjs.org/grunt
14 verbose request uri https://registry.npmjs.org/grunt
15 verbose request no auth needed
16 info attempt registry request try #1 at 20:47:36
17 verbose request id 33c78c129c77920c
18 verbose etag W/"58596b2c-1884e"
19 verbose lastModified Tue, 20 Dec 2016 17:32:28 GMT
20 http request GET https://registry.npmjs.org/grunt
21 info retry will retry, error on last attempt: Error: tunneling socket could not be established, cause=getaddrinfo ENOTFOUND xn--rvg xn--rvg:80
22 info attempt registry request try #2 at 20:47:48
23 verbose etag W/"58596b2c-1884e"
24 verbose lastModified Tue, 20 Dec 2016 17:32:28 GMT
25 http request GET https://registry.npmjs.org/grunt
26 info retry will retry, error on last attempt: Error: tunneling socket could not be established, cause=getaddrinfo ENOTFOUND xn--rvg xn--rvg:80
27 info attempt registry request try #3 at 20:48:51
28 verbose etag W/"58596b2c-1884e"
29 verbose lastModified Tue, 20 Dec 2016 17:32:28 GMT
30 http request GET https://registry.npmjs.org/grunt
31 silly get cb [ 304, undefined ]
32 verbose etag https://registry.npmjs.org/grunt from cache
33 verbose get saving grunt to C:\Users\Administrator\AppData\Roaming\npm-cache\registry.npmjs.org\grunt\.cache.json
34 verbose correctMkdir C:\Users\Administrator\AppData\Roaming\npm-cache correctMkdir not in flight; initializing
35 silly install normalizeTree
36 silly loadCurrentTree Finishing
37 silly loadIdealTree Starting
38 silly install loadIdealTree
39 silly cloneCurrentTree Starting
40 silly install cloneCurrentTreeToIdealTree
41 silly cloneCurrentTree Finishing
42 silly loadShrinkwrap Starting
43 silly install loadShrinkwrap
44 silly loadShrinkwrap Finishing
45 silly loadAllDepsIntoIdealTree Starting
46 silly install loadAllDepsIntoIdealTree
47 silly rollbackFailedOptional Starting
48 silly rollbackFailedOptional Finishing
49 silly runTopLevelLifecycles Starting
50 silly runTopLevelLifecycles Finishing
51 silly install printInstalled
52 verbose stack Error: Refusing to install grunt as a dependency of itself
52 verbose stack     at checkSelf (C:\Program Files\nodejs\node_modules\npm\lib\install\validate-args.js:53:14)
52 verbose stack     at Array.<anonymous> (C:\Program Files\nodejs\node_modules\npm\node_modules\slide\lib\bind-actor.js:15:8)
52 verbose stack     at LOOP (C:\Program Files\nodejs\node_modules\npm\node_modules\slide\lib\chain.js:15:14)
52 verbose stack     at chain (C:\Program Files\nodejs\node_modules\npm\node_modules\slide\lib\chain.js:20:5)
52 verbose stack     at C:\Program Files\nodejs\node_modules\npm\lib\install\validate-args.js:16:5
52 verbose stack     at C:\Program Files\nodejs\node_modules\npm\node_modules\slide\lib\async-map.js:52:35
52 verbose stack     at Array.forEach (native)
52 verbose stack     at C:\Program Files\nodejs\node_modules\npm\node_modules\slide\lib\async-map.js:52:11
52 verbose stack     at Array.forEach (native)
52 verbose stack     at asyncMap (C:\Program Files\nodejs\node_modules\npm\node_modules\slide\lib\async-map.js:51:8)
53 verbose cwd D:\Documents\HBuilderProjects\grunt
54 error Windows_NT 6.1.7601
55 error argv "C:\\Program Files\\nodejs\\node.exe" "C:\\Program Files\\nodejs\\node_modules\\npm\\bin\\npm-cli.js" "install" "--save-dev" "grunt"
56 error node v6.2.0
57 error npm  v3.8.9
58 error code ENOSELF
59 error Refusing to install grunt as a dependency of itself
60 error If you need help, you may report this error at:
60 error     <https://github.com/npm/npm/issues>
61 verbose exit [ 1, true ]
